[debug] [2023-07-11T17:39:47.687Z] ----------------------------------------------------------------------
[debug] [2023-07-11T17:39:47.690Z] Command:       C:\Program Files\nodejs\node.exe C:\Users\Pedro Nest\AppData\Roaming\npm\node_modules\firebase-tools\lib\bin\firebase.js init
[debug] [2023-07-11T17:39:47.691Z] CLI Version:   11.29.1
[debug] [2023-07-11T17:39:47.692Z] Platform:      win32
[debug] [2023-07-11T17:39:47.692Z] Node Version:  v18.16.0
[debug] [2023-07-11T17:39:47.694Z] Time:          Tue Jul 11 2023 14:39:47 GMT-0300 (Horário Padrão de Brasília)
[debug] [2023-07-11T17:39:47.695Z] ----------------------------------------------------------------------
[debug] 
[debug] [2023-07-11T17:39:47.702Z] >>> [apiv2][query] GET https://firebase-public.firebaseio.com/cli.json [none]
[debug] [2023-07-11T17:39:47.803Z] > command requires scopes: ["email","openid","https://www.googleapis.com/auth/cloudplatformprojects.readonly","https://www.googleapis.com/auth/firebase","https://www.googleapis.com/auth/cloud-platform"]
[debug] [2023-07-11T17:39:47.804Z] > authorizing via signed-in user (nestinformaticajp@gmail.com)
[info] 
     ######## #### ########  ######## ########     ###     ######  ########
     ##        ##  ##     ## ##       ##     ##  ##   ##  ##       ##
     ######    ##  ########  ######   ########  #########  ######  ######
     ##        ##  ##    ##  ##       ##     ## ##     ##       ## ##
     ##       #### ##     ## ######## ########  ##     ##  ######  ########

You're about to initialize a Firebase project in this directory:

  C:\Users\Pedro Nest\Desktop\Dev\meudigitalagencia\meudigitalagencia

[debug] [2023-07-11T17:39:48.364Z] <<< [apiv2][status] GET https://firebase-public.firebaseio.com/cli.json 200
[debug] [2023-07-11T17:39:48.365Z] <<< [apiv2][body] GET https://firebase-public.firebaseio.com/cli.json {"cloudBuildErrorAfter":1594252800000,"cloudBuildWarnAfter":1590019200000,"defaultNode10After":1594252800000,"minVersion":"3.0.5","node8DeploysDisabledAfter":1613390400000,"node8RuntimeDisabledAfter":1615809600000,"node8WarnAfter":1600128000000}
